<?xml version="1.0" encoding="UTF-8"?>
<!-- Generated by org.testng.reporters.JUnitXMLReporter -->
<testsuite ignored="0" hostname="DESKTOP-TD3L5QA" failures="0" tests="3" name="Submit Order Test" time="40.497" errors="0" timestamp="2024-05-28T18:20:33 IST">
  <testcase classname="rahulshettyacademy.tests.SubmitOrderTest" name="submitOrder" time="5.615"/>
  <testcase classname="rahulshettyacademy.tests.SubmitOrderTest" name="submitOrder" time="5.738"/>
  <testcase classname="rahulshettyacademy.tests.SubmitOrderTest" name="orderHistory" time="2.543"/>
</testsuite> <!-- Submit Order Test -->
