<?xml version="1.0" encoding="UTF-8"?>
<!-- Generated by org.testng.reporters.JUnitXMLReporter -->
<testsuite ignored="0" hostname="DESKTOP-TD3L5QA" failures="0" tests="3" name="Submit Order Test" time="34.106" errors="0" timestamp="2024-05-31T14:58:43 CEST">
  <testcase classname="rahulshettyacademy.tests.SubmitOrderTest" name="submitOrder" time="4.143"/>
  <testcase classname="rahulshettyacademy.tests.SubmitOrderTest" name="submitOrder" time="4.073"/>
  <testcase classname="rahulshettyacademy.tests.SubmitOrderTest" name="orderHistory" time="3.266"/>
</testsuite> <!-- Submit Order Test -->
